<?xml version="1.0" encoding="UTF-8"?>
<!-- Generated by org.testng.reporters.JUnitReportReporter -->
<testsuite hostname="EC2AMAZ-S11DBRH" failures="1" tests="2" name="runners.ApplicationRunner" time="11.775" errors="0" timestamp="2023-12-01T14:30:29 GMT" skipped="0">
  <testcase classname="runners.ApplicationRunner" name="runScenario" time="5.256"/>
  <system-out/>
  <testcase classname="runners.ApplicationRunner" name="runScenario" time="6.519">
    <failure message="expected [Selenium tutorials - Google Search] but found [Selenium tutorial - Google Search]" type="java.lang.AssertionError">
      <![CDATA[java.lang.AssertionError: expected [Selenium tutorials - Google Search] but found [Selenium tutorial - Google Search]
at org.testng.Assert.fail(Assert.java:99)
at org.testng.Assert.failNotEquals(Assert.java:1037)
at org.testng.Assert.assertEqualsImpl(Assert.java:140)
at org.testng.Assert.assertEquals(Assert.java:122)
at org.testng.Assert.assertEquals(Assert.java:629)
at org.testng.Assert.assertEquals(Assert.java:639)
at stepDefs.GoogleSearchStepDef.should_display_selenium_result_page(GoogleSearchStepDef.java:46)
at ✽.Should display Selenium Result page(file:///C:/Users/Administrator/eclipse-workspace/cucumberSelenium/src/test/resources/features/GoogleSearchPage.feature:16)
]]>
    </failure>
  </testcase> <!-- runScenario -->
  <system-out/>
</testsuite> <!-- runners.ApplicationRunner -->
